Using pre-set license
Built from '2020.3/staging' branch; Version is '2020.3.19f1 (68f137dc9bbe) revision 6877495'; Using compiler version '192528614'; Build Type 'Release'
OS: 'Windows 10 Pro; OS build 19042.1466; Version 2009; 64bit' Language: 'he' Physical Memory: 8051 MB
BatchMode: 1, IsHumanControllingUs: 0, StartBugReporterOnCrash: 0, Is64bit: 1, IsPro: 0

COMMAND LINE ARGUMENTS:
C:\Program Files\Unity\Hub\Editor\2020.3.19f1\Editor\Unity.exe
-adb2
-batchMode
-noUpm
-name
AssetImportWorker0
-projectPath
C:/Users/User/DreamRoom
-logFile
Logs/AssetImportWorker0.log
-srvPort
57725
Successfully changed project path to: C:/Users/User/DreamRoom
C:/Users/User/DreamRoom
Using Asset Import Pipeline V2.
Refreshing native plugins compatible for Editor in 55.18 ms, found 3 plugins.
Preloading 0 native plugins for Editor in 0.00 ms.
Initialize engine version: 2020.3.19f1 (68f137dc9bbe)
[Subsystems] Discovering subsystems at path C:/Program Files/Unity/Hub/Editor/2020.3.19f1/Editor/Data/Resources/UnitySubsystems
[Subsystems] Discovering subsystems at path C:/Users/User/DreamRoom/Assets
GfxDevice: creating device client; threaded=0
Direct3D:
    Version:  Direct3D 11.0 [level 11.1]
    Renderer: Intel(R) UHD Graphics 620 (ID=0x5917)
    Vendor:   
    VRAM:     4025 MB
    Driver:   27.20.100.9749
Initialize mono
Mono path[0] = 'C:/Program Files/Unity/Hub/Editor/2020.3.19f1/Editor/Data/Managed'
Mono path[1] = 'C:/Program Files/Unity/Hub/Editor/2020.3.19f1/Editor/Data/MonoBleedingEdge/lib/mono/unityjit'
Mono config path = 'C:/Program Files/Unity/Hub/Editor/2020.3.19f1/Editor/Data/MonoBleedingEdge/etc'
Using monoOptions --debugger-agent=transport=dt_socket,embedding=1,server=y,suspend=n,address=127.0.0.1:56296
Begin MonoManager ReloadAssembly
Registering precompiled unity dll's ...
Register platform support module: C:/Program Files/Unity/Hub/Editor/2020.3.19f1/Editor/Data/PlaybackEngines/WindowsStandaloneSupport/UnityEditor.WindowsStandalone.Extensions.dll
Registered in 0.004811 seconds.
Native extension for WindowsStandalone target not found
Refreshing native plugins compatible for Editor in 47.15 ms, found 3 plugins.
Preloading 0 native plugins for Editor in 0.00 ms.
Mono: successfully reloaded assembly
- Completed reload, in  4.739 seconds
Domain Reload Profiling:
	ReloadAssembly (4740ms)
		BeginReloadAssembly (66ms)
			ExecutionOrderSort (0ms)
			DisableScriptedObjects (0ms)
			BackupInstance (0ms)
			ReleaseScriptingObjects (0ms)
			CreateAndSetChildDomain (1ms)
		EndReloadAssembly (543ms)
			LoadAssemblies (64ms)
			RebuildTransferFunctionScriptingTraits (0ms)
			SetupTypeCache (228ms)
			ReleaseScriptCaches (0ms)
			RebuildScriptCaches (36ms)
			SetupLoadedEditorAssemblies (193ms)
				LogAssemblyErrors (0ms)
				InitializePlatformSupportModulesInManaged (5ms)
				SetLoadedEditorAssemblies (0ms)
				RefreshPlugins (47ms)
				BeforeProcessingInitializeOnLoad (21ms)
				ProcessInitializeOnLoadAttributes (89ms)
				ProcessInitializeOnLoadMethodAttributes (32ms)
				AfterProcessingInitializeOnLoad (0ms)
				EditorAssembliesLoaded (0ms)
			ExecutionOrderSort2 (0ms)
			AwakeInstancesAfterBackupRestoration (0ms)
Platform modules already initialized, skipping
Registering precompiled user dll's ...
Registered in 0.010117 seconds.
Begin MonoManager ReloadAssembly
Native extension for WindowsStandalone target not found
Refreshing native plugins compatible for Editor in 45.88 ms, found 3 plugins.
Preloading 0 native plugins for Editor in 0.00 ms.
Mono: successfully reloaded assembly
- Completed reload, in  1.420 seconds
Domain Reload Profiling:
	ReloadAssembly (1421ms)
		BeginReloadAssembly (197ms)
			ExecutionOrderSort (0ms)
			DisableScriptedObjects (6ms)
			BackupInstance (0ms)
			ReleaseScriptingObjects (0ms)
			CreateAndSetChildDomain (28ms)
		EndReloadAssembly (1151ms)
			LoadAssemblies (160ms)
			RebuildTransferFunctionScriptingTraits (0ms)
			SetupTypeCache (371ms)
			ReleaseScriptCaches (0ms)
			RebuildScriptCaches (54ms)
			SetupLoadedEditorAssemblies (431ms)
				LogAssemblyErrors (0ms)
				InitializePlatformSupportModulesInManaged (4ms)
				SetLoadedEditorAssemblies (0ms)
				RefreshPlugins (46ms)
				BeforeProcessingInitializeOnLoad (115ms)
				ProcessInitializeOnLoadAttributes (241ms)
				ProcessInitializeOnLoadMethodAttributes (15ms)
				AfterProcessingInitializeOnLoad (9ms)
				EditorAssembliesLoaded (0ms)
			ExecutionOrderSort2 (0ms)
			AwakeInstancesAfterBackupRestoration (7ms)
Platform modules already initialized, skipping
========================================================================
Worker process is ready to serve import requests
Launched and connected shader compiler UnityShaderCompiler.exe after 0.11 seconds
Refreshing native plugins compatible for Editor in 0.46 ms, found 3 plugins.
Preloading 0 native plugins for Editor in 0.00 ms.
Unloading 2099 Unused Serialized files (Serialized files now loaded: 0)
System memory in use before: 93.4 MB.
System memory in use after: 93.5 MB.

Unloading 26 unused Assets to reduce memory usage. Loaded Objects now: 2540.
Total: 3.702100 ms (FindLiveObjects: 0.211400 ms CreateObjectMapping: 0.110100 ms MarkObjects: 3.303900 ms  DeleteObjects: 0.075400 ms)

AssetImportParameters requested are different than current active one (requested -> active):
  custom:framework-win-MediaFoundation: 216162199b28c13a410421893ffa2e32 -> 
  custom:video-decoder-ogg-theora: a1e56fd34408186e4bbccfd4996cb3dc -> 
  custom:container-muxer-webm: aa71ff27fc2769a1b78a27578f13a17b -> 
  custom:container-demuxer-webm: 4f35f7cbe854078d1ac9338744f61a02 -> 
  custom:container-demuxer-ogg: 62fdf1f143b41e24485cea50d1cbac27 -> 
  custom:video-encoder-webm-vp8: eb34c28f22e8b96e1ab97ce403110664 -> 
  custom:video-decoder-webm-vp8: 9c59270c3fd7afecdb556c50c9e8de78 -> 
  custom:audio-decoder-ogg-vorbis: bf7c407c2cedff20999df2af8eb42d56 -> 
  custom:audio-encoder-webm-vorbis: bf7c407c2cedff20999df2af8eb42d56 -> 
========================================================================
Received Import Request.
  path: Assets/Images/Warehouse items/Dirty shirt 2.png
  artifactKey: Guid(d2bb196a00e00c84487e976bd21ad7fc) Importer(815301076,1909f56bfc062723c751e8b465ee728b)
Start importing Assets/Images/Warehouse items/Dirty shirt 2.png using Guid(d2bb196a00e00c84487e976bd21ad7fc) Importer(815301076,1909f56bfc062723c751e8b465ee728b)  -> (artifact id: '3ba0abfb2f652f86e6e210e26ccb5441') in 0.206927 seconds 
  Import took 0.211702 seconds .

========================================================================
Received Import Request.
  Time since last request: 2.986062 seconds.
  path: Assets/Images/Warehouse items/Batteries.png
  artifactKey: Guid(2f7da0f7e20eae24f8d87f0b1fab8ccb) Importer(815301076,1909f56bfc062723c751e8b465ee728b)
Start importing Assets/Images/Warehouse items/Batteries.png using Guid(2f7da0f7e20eae24f8d87f0b1fab8ccb) Importer(815301076,1909f56bfc062723c751e8b465ee728b)  -> (artifact id: '5096d9ad8d27b8ab01edac3575089f96') in 0.060512 seconds 
  Import took 0.067107 seconds .

========================================================================
Received Import Request.
  Time since last request: 0.000350 seconds.
  path: Assets/Images/Warehouse items/Biology Key.png
  artifactKey: Guid(da641057f08d47b4988063fdc12b3281) Importer(815301076,1909f56bfc062723c751e8b465ee728b)
Start importing Assets/Images/Warehouse items/Biology Key.png using Guid(da641057f08d47b4988063fdc12b3281) Importer(815301076,1909f56bfc062723c751e8b465ee728b)  -> (artifact id: '64f790bfdfeae681818c33d0f39c8aec') in 0.049624 seconds 
  Import took 0.055697 seconds .

========================================================================
Received Import Request.
  Time since last request: 0.000296 seconds.
  path: Assets/Images/Warehouse items/flower.png
  artifactKey: Guid(fcc2866c946e1874baeadcea505d8d6e) Importer(815301076,1909f56bfc062723c751e8b465ee728b)
Start importing Assets/Images/Warehouse items/flower.png using Guid(fcc2866c946e1874baeadcea505d8d6e) Importer(815301076,1909f56bfc062723c751e8b465ee728b)  -> (artifact id: '44f386a006564c64c0b0b7160457e390') in 0.055792 seconds 
  Import took 0.061969 seconds .

========================================================================
Received Import Request.
  Time since last request: 0.000341 seconds.
  path: Assets/Images/Warehouse items/fabric.png
  artifactKey: Guid(ccc7ac38423b8a74fb8184e0bd9ebd0c) Importer(815301076,1909f56bfc062723c751e8b465ee728b)
Start importing Assets/Images/Warehouse items/fabric.png using Guid(ccc7ac38423b8a74fb8184e0bd9ebd0c) Importer(815301076,1909f56bfc062723c751e8b465ee728b)  -> (artifact id: 'e058550576aa85e4c03c4702583ebf0f') in 0.059239 seconds 
  Import took 0.065410 seconds .

========================================================================
Received Import Request.
  Time since last request: 0.000355 seconds.
  path: Assets/Images/Warehouse items/watering can.png
  artifactKey: Guid(faa6f5a42fafb9a46876e380ae70152f) Importer(815301076,1909f56bfc062723c751e8b465ee728b)
Start importing Assets/Images/Warehouse items/watering can.png using Guid(faa6f5a42fafb9a46876e380ae70152f) Importer(815301076,1909f56bfc062723c751e8b465ee728b)  -> (artifact id: '2cc7c9082b6bbf23fb23c990aed32a23') in 0.063332 seconds 
  Import took 0.069002 seconds .

========================================================================
Received Import Request.
  Time since last request: 0.000271 seconds.
  path: Assets/Images/Warehouse items/disk.png
  artifactKey: Guid(a94f323aa2167f140a9b1a74c22750fd) Importer(815301076,1909f56bfc062723c751e8b465ee728b)
Start importing Assets/Images/Warehouse items/disk.png using Guid(a94f323aa2167f140a9b1a74c22750fd) Importer(815301076,1909f56bfc062723c751e8b465ee728b)  -> (artifact id: 'de7571260ab81c0701cc1d8a9066f0e3') in 0.054146 seconds 
  Import took 0.059788 seconds .

========================================================================
Received Import Request.
  Time since last request: 0.000340 seconds.
  path: Assets/Images/Warehouse items/Fashion key.png
  artifactKey: Guid(f7a0e9ab1921a094b992b1b7e4ba940b) Importer(815301076,1909f56bfc062723c751e8b465ee728b)
Start importing Assets/Images/Warehouse items/Fashion key.png using Guid(f7a0e9ab1921a094b992b1b7e4ba940b) Importer(815301076,1909f56bfc062723c751e8b465ee728b)  -> (artifact id: '33bfba89da224283ca88ab210fad9293') in 0.056476 seconds 
  Import took 0.062603 seconds .

========================================================================
Received Import Request.
  Time since last request: 0.000311 seconds.
  path: Assets/Images/Warehouse items/Magical seed.png
  artifactKey: Guid(f993bdb1f6495824c981bf8f91c01a9a) Importer(815301076,1909f56bfc062723c751e8b465ee728b)
Start importing Assets/Images/Warehouse items/Magical seed.png using Guid(f993bdb1f6495824c981bf8f91c01a9a) Importer(815301076,1909f56bfc062723c751e8b465ee728b)  -> (artifact id: '5a94c7c79292452b67ed585e6b867e8b') in 0.056555 seconds 
  Import took 0.063681 seconds .

========================================================================
Received Import Request.
  Time since last request: 0.000319 seconds.
  path: Assets/Images/Warehouse items/Pizza slice.png
  artifactKey: Guid(9734e10954b9c624b925afcb624a15c6) Importer(815301076,1909f56bfc062723c751e8b465ee728b)
Start importing Assets/Images/Warehouse items/Pizza slice.png using Guid(9734e10954b9c624b925afcb624a15c6) Importer(815301076,1909f56bfc062723c751e8b465ee728b)  -> (artifact id: '6a9a321f3706c5832d9c8db19522b849') in 0.060434 seconds 
  Import took 0.067451 seconds .

========================================================================
Received Import Request.
  Time since last request: 0.000347 seconds.
  path: Assets/Images/Warehouse items/Dried flower.png
  artifactKey: Guid(88c1b5e85cd51ee4a8bc4b8b726398fe) Importer(815301076,1909f56bfc062723c751e8b465ee728b)
Start importing Assets/Images/Warehouse items/Dried flower.png using Guid(88c1b5e85cd51ee4a8bc4b8b726398fe) Importer(815301076,1909f56bfc062723c751e8b465ee728b)  -> (artifact id: 'a3c902abf512c557159b9451e5344d0e') in 0.063146 seconds 
  Import took 0.072538 seconds .

========================================================================
Received Import Request.
  Time since last request: 0.000345 seconds.
  path: Assets/Images/Warehouse items/Gemstone.png
  artifactKey: Guid(6fac2bf41154a794dbeb4db32ed26952) Importer(815301076,1909f56bfc062723c751e8b465ee728b)
Start importing Assets/Images/Warehouse items/Gemstone.png using Guid(6fac2bf41154a794dbeb4db32ed26952) Importer(815301076,1909f56bfc062723c751e8b465ee728b)  -> (artifact id: 'f3089bc92197889c9f7ef129cfeb80a3') in 0.067605 seconds 
  Import took 0.074591 seconds .

========================================================================
Received Import Request.
  Time since last request: 0.000300 seconds.
  path: Assets/Images/Warehouse items/mouse.png
  artifactKey: Guid(941ef269c27b1604db8c75421c3eaa0c) Importer(815301076,1909f56bfc062723c751e8b465ee728b)
Start importing Assets/Images/Warehouse items/mouse.png using Guid(941ef269c27b1604db8c75421c3eaa0c) Importer(815301076,1909f56bfc062723c751e8b465ee728b)  -> (artifact id: '3574827c972e104865b4efc78368fbe3') in 0.053625 seconds 
  Import took 0.058615 seconds .

========================================================================
Received Import Request.
  Time since last request: 0.000345 seconds.
  path: Assets/Images/Warehouse items/Music key.png
  artifactKey: Guid(2ba5bc328cc580a43aabf1b4d81b4d9c) Importer(815301076,1909f56bfc062723c751e8b465ee728b)
Start importing Assets/Images/Warehouse items/Music key.png using Guid(2ba5bc328cc580a43aabf1b4d81b4d9c) Importer(815301076,1909f56bfc062723c751e8b465ee728b)  -> (artifact id: '59ccf16632a15aecf5752cfa10c11802') in 0.054047 seconds 
  Import took 0.059373 seconds .

========================================================================
Received Import Request.
  Time since last request: 0.000345 seconds.
  path: Assets/Images/Warehouse items/Scissors.png
  artifactKey: Guid(458c71b8b4b08624c8074c3cb0403f78) Importer(815301076,1909f56bfc062723c751e8b465ee728b)
Start importing Assets/Images/Warehouse items/Scissors.png using Guid(458c71b8b4b08624c8074c3cb0403f78) Importer(815301076,1909f56bfc062723c751e8b465ee728b)  -> (artifact id: '29f71f4440c52272c75358d47d5c3f84') in 0.071129 seconds 
  Import took 0.078610 seconds .

========================================================================
Received Import Request.
  Time since last request: 0.000541 seconds.
  path: Assets/Images/Warehouse items/Dreamroom key.png
  artifactKey: Guid(f486a13121d60b348af704f030fc5656) Importer(815301076,1909f56bfc062723c751e8b465ee728b)
Start importing Assets/Images/Warehouse items/Dreamroom key.png using Guid(f486a13121d60b348af704f030fc5656) Importer(815301076,1909f56bfc062723c751e8b465ee728b)  -> (artifact id: 'dcb0da52e0f701a00c2e9102783a04e9') in 0.065072 seconds 
  Import took 0.072663 seconds .

========================================================================
Received Import Request.
  Time since last request: 0.000816 seconds.
  path: Assets/Images/Warehouse items/tooth.png
  artifactKey: Guid(a46665fd3af4a5d4eb6bd632f43d4226) Importer(815301076,1909f56bfc062723c751e8b465ee728b)
Start importing Assets/Images/Warehouse items/tooth.png using Guid(a46665fd3af4a5d4eb6bd632f43d4226) Importer(815301076,1909f56bfc062723c751e8b465ee728b)  -> (artifact id: '9cdcfbc2698d90c6a11634d003a8ef6e') in 0.061347 seconds 
  Import took 0.073361 seconds .

========================================================================
Received Import Request.
  Time since last request: 0.000318 seconds.
  path: Assets/Images/Warehouse items/Dirty shirt 1.png
  artifactKey: Guid(602f571d879610b4db41f2fa5b83aed6) Importer(815301076,1909f56bfc062723c751e8b465ee728b)
Start importing Assets/Images/Warehouse items/Dirty shirt 1.png using Guid(602f571d879610b4db41f2fa5b83aed6) Importer(815301076,1909f56bfc062723c751e8b465ee728b)  -> (artifact id: '88447ae7610fac96011b8cb05892efee') in 0.067856 seconds 
  Import took 0.077985 seconds .

========================================================================
Received Prepare
Registering precompiled user dll's ...
Registered in 0.010733 seconds.
Begin MonoManager ReloadAssembly
Native extension for WindowsStandalone target not found
Refreshing native plugins compatible for Editor in 0.50 ms, found 3 plugins.
Preloading 0 native plugins for Editor in 0.00 ms.
Mono: successfully reloaded assembly
- Completed reload, in  1.339 seconds
Domain Reload Profiling:
	ReloadAssembly (1339ms)
		BeginReloadAssembly (145ms)
			ExecutionOrderSort (0ms)
			DisableScriptedObjects (7ms)
			BackupInstance (0ms)
			ReleaseScriptingObjects (0ms)
			CreateAndSetChildDomain (43ms)
		EndReloadAssembly (1114ms)
			LoadAssemblies (184ms)
			RebuildTransferFunctionScriptingTraits (0ms)
			SetupTypeCache (334ms)
			ReleaseScriptCaches (1ms)
			RebuildScriptCaches (91ms)
			SetupLoadedEditorAssemblies (382ms)
				LogAssemblyErrors (0ms)
				InitializePlatformSupportModulesInManaged (5ms)
				SetLoadedEditorAssemblies (1ms)
				RefreshPlugins (1ms)
				BeforeProcessingInitializeOnLoad (97ms)
				ProcessInitializeOnLoadAttributes (265ms)
				ProcessInitializeOnLoadMethodAttributes (6ms)
				AfterProcessingInitializeOnLoad (8ms)
				EditorAssembliesLoaded (0ms)
			ExecutionOrderSort2 (0ms)
			AwakeInstancesAfterBackupRestoration (12ms)
Platform modules already initialized, skipping
Refreshing native plugins compatible for Editor in 0.50 ms, found 3 plugins.
Preloading 0 native plugins for Editor in 0.00 ms.
Unloading 2089 Unused Serialized files (Serialized files now loaded: 0)
System memory in use before: 95.8 MB.
System memory in use after: 95.9 MB.

Unloading 14 unused Assets to reduce memory usage. Loaded Objects now: 2549.
Total: 3.840900 ms (FindLiveObjects: 0.260700 ms CreateObjectMapping: 0.101500 ms MarkObjects: 3.457100 ms  DeleteObjects: 0.020400 ms)

AssetImportParameters requested are different than current active one (requested -> active):
  custom:framework-win-MediaFoundation: 216162199b28c13a410421893ffa2e32 -> 
  custom:video-decoder-ogg-theora: a1e56fd34408186e4bbccfd4996cb3dc -> 
  custom:container-muxer-webm: aa71ff27fc2769a1b78a27578f13a17b -> 
  custom:container-demuxer-webm: 4f35f7cbe854078d1ac9338744f61a02 -> 
  custom:container-demuxer-ogg: 62fdf1f143b41e24485cea50d1cbac27 -> 
  custom:video-encoder-webm-vp8: eb34c28f22e8b96e1ab97ce403110664 -> 
  custom:video-decoder-webm-vp8: 9c59270c3fd7afecdb556c50c9e8de78 -> 
  custom:audio-decoder-ogg-vorbis: bf7c407c2cedff20999df2af8eb42d56 -> 
  custom:audio-encoder-webm-vorbis: bf7c407c2cedff20999df2af8eb42d56 -> 
AssetImportWorkerClient::OnTransportError - code=2 error=End of file
